<?xml version="1.0" encoding="UTF-8"?>
<beans xmlns="http://www.springframework.org/schema/beans"
	xmlns:xsi="http://www.w3.org/2001/XMLSchema-instance"
	xsi:schemaLocation="http://www.springframework.org/schema/beans http://www.springframework.org/schema/beans/spring-beans.xsd">

	<bean id="servletContext" class="org.springframework.mock.web.MockServletContext">
		<property name="contextPath" value="/" />
	</bean>

	<bean id="sessionService" class="de.thm.arsnova.services.SessionService">
		<property name="databaseDao" ref="databaseDao" />
	</bean>

	<bean id="databaseDao" class="de.thm.arsnova.dao.StubDatabaseDao" />
	<bean id="interposedRepository" class="de.thm.arsnova.repositories.StubInterposedQuestionRepository" />

	<bean id="userService" class="de.thm.arsnova.services.StubUserService" />

	<bean class="org.springframework.beans.factory.config.CustomScopeConfigurer">
		<property name="scopes">
			<map>
				<entry key="session">
					<bean class="org.springframework.context.support.SimpleThreadScope" />
				</entry>
			</map>
		</property>
	</bean>
</beans>
